2026/02/15 14:27:26 Starting cygwin install, version 2.935
2026/02/15 14:27:26 User has backup/restore rights
2026/02/15 14:27:26 User has symlink creation right
2026/02/15 14:27:26 io_stream_cygfile: fopen(/etc/setup/setup.rc) failed 2 No such file or directory
2026/02/15 14:27:26 Current Directory: C:\Users\Hita\Downloads
2026/02/15 14:27:36 source: network install
2026/02/15 14:27:38 root: C:\cygwin64 system
2026/02/15 14:27:38 Changing gid to Administrators
2026/02/15 14:28:23 Selected local directory: C:\Users\Hita
2026/02/15 14:28:29 net: Preconfig
2026/02/15 14:28:58 site: https://mirrors.163.com/cygwin/
2026/02/15 14:29:13 io_stream_cygfile: fopen(/etc/setup/timestamp) failed 2 No such file or directory
2026/02/15 14:29:13 io_stream_cygfile: fopen(/etc/setup/installed.db) failed 2 No such file or directory
2026/02/15 14:29:13 solving: 40 tasks, update: yes, use test packages: no
2026/02/15 14:29:44 solving: 0 tasks, update: yes, use test packages: no
2026/02/15 14:29:44 solving: 0 tasks, update: yes, use test packages: no
2026/02/15 14:29:47 solving: 0 tasks, update: yes, use test packages: no
2026/02/15 14:29:48 solving: 0 tasks, update: yes, use test packages: no
2026/02/15 14:29:49 solving: 0 tasks, update: yes, use test packages: no
2026/02/15 14:30:02 solving: 79 tasks, update: no, use test packages: no
2026/02/15 14:30:02 Augmented Transaction List:
2026/02/15 14:30:02    0 install gettext-locale-alias 0.26-1               
2026/02/15 14:30:02    1 install libpopt-common       1.19-1               
2026/02/15 14:30:02    2 install libsqlite3_0         3.49.1-1             
2026/02/15 14:30:02    3 install terminfo             6.5+20240427-1       
2026/02/15 14:30:02    4 install tzdata               2025c-1              
2026/02/15 14:30:02    5 install cygwin               3.6.6-1              
2026/02/15 14:30:02    6 install libiconv2            1.17-1               
2026/02/15 14:30:02    7 install libintl8             0.22.5-1             
2026/02/15 14:30:02    8 install libncursesw10        6.5+20240427-1       
2026/02/15 14:30:02    9 install libreadline7         8.2-2                
2026/02/15 14:30:02   10 install bash                 5.2.21-1             
2026/02/15 14:30:02   11 install libgcc1              13.4.0-1             
2026/02/15 14:30:02   12 install crypto-policies      20190218-1           
2026/02/15 14:30:02   13 install base-cygwin          3.8-2                
2026/02/15 14:30:02   14 install libzstd1             1.5.7-1              
2026/02/15 14:30:02   15 install zlib0                1.3.1-1              
2026/02/15 14:30:02   16 install which                2.23-1               
2026/02/15 14:30:02   17 install vim-minimal          9.1.1825-1           
2026/02/15 14:30:02   18 install tzcode               2025c-1              
2026/02/15 14:30:02   19 install sed                  4.9-1                
2026/02/15 14:30:02   20 install run                  1.3.4-2              
2026/02/15 14:30:02   21 install ncurses              6.5+20240427-1       
2026/02/15 14:30:02   22 install login                1.13-1               
2026/02/15 14:30:02   23 install libuuid1             2.40.2-2             
2026/02/15 14:30:02   24 install libtasn1_6           4.21.0-1             
2026/02/15 14:30:02   25 install libstdc++6           13.4.0-1             
2026/02/15 14:30:02   26 install libsmartcols1        2.40.2-2             
2026/02/15 14:30:02   27 install libreadline8         8.3-1                
2026/02/15 14:30:02   28 install libpopt0             1.19-1               
2026/02/15 14:30:02   29 install libpipeline1         1.5.8-1              
2026/02/15 14:30:02   30 install libpcre2_8_0         10.47-1              
2026/02/15 14:30:02   31 install libpcre1             8.45-1               
2026/02/15 14:30:02   32 install liblzma5             5.8.2-1              
2026/02/15 14:30:02   33 install liblz4_1             1.9.4-1              
2026/02/15 14:30:02   34 install liblastlog2          2.40.2-2             
2026/02/15 14:30:02   35 install libgmp10             6.3.0-1              
2026/02/15 14:30:02   36 install libgdbm6             1.26-1               
2026/02/15 14:30:02   37 install libffi6              3.2.1-2              
2026/02/15 14:30:02   38 install libbz2_1             1.0.8-2              
2026/02/15 14:30:02   39 install libblkid1            2.40.2-2             
2026/02/15 14:30:02   40 install libattr1             2.5.2-2              
2026/02/15 14:30:02   41 install libargp              20250917-2           
2026/02/15 14:30:02   42 install ipc-utils            1.1-1                
2026/02/15 14:30:02   43 install hostname             3.13-1               
2026/02/15 14:30:02   44 install gzip                 1.14-1               
2026/02/15 14:30:02   45 install editrights           1.04-1               
2026/02/15 14:30:02   46 install diffutils            3.12-1               
2026/02/15 14:30:02   47 install dash                 0.5.12-5             
2026/02/15 14:30:02   48 install alternatives         1.31-1               
2026/02/15 14:30:02   49 install libuchardet0         0.0.8-1              
2026/02/15 14:30:02   50 install cygutils             1.4.17-4             
2026/02/15 14:30:02   51 install grep                 3.12-1               
2026/02/15 14:30:02   52 install less                 691-1                
2026/02/15 14:30:02   53 install xz                   5.8.2-1              
2026/02/15 14:30:02   54 install zstd                 1.5.7-1              
2026/02/15 14:30:02   55 install libmpfr6             4.2.2-1              
2026/02/15 14:30:02   56 install libp11-kit0          0.23.20-1            
2026/02/15 14:30:02   57 install file                 5.46-1               
2026/02/15 14:30:02   58 install bzip2                1.0.8-2              
2026/02/15 14:30:02   59 install libfdisk1            2.40.2-2             
2026/02/15 14:30:02   60 install coreutils            9.0-1                
2026/02/15 14:30:02   61 install getent               2.18.90-5            
2026/02/15 14:30:02   62 install rebase               4.6.6-1              
2026/02/15 14:30:02   63 install mintty               3.8.1-1              
2026/02/15 14:30:02   64 install info                 7.1-2                
2026/02/15 14:30:02   65 install _autorebase          001091-1             
2026/02/15 14:30:02   66 install groff                1.23.0-1             
2026/02/15 14:30:02   67 install gawk                 5.3.2-1              
2026/02/15 14:30:02   68 install p11-kit-trust        0.23.20-1            
2026/02/15 14:30:02   69 install p11-kit              0.23.20-1            
2026/02/15 14:30:02   70 install tar                  1.35-2               
2026/02/15 14:30:02   71 install util-linux           2.40.2-2             
2026/02/15 14:30:02   72 install findutils            4.10.0-1             
2026/02/15 14:30:02   73 install ca-certificates      2025.2.80_v9.0.304-1 
2026/02/15 14:30:02   74 install man-db               2.13.1-1             
2026/02/15 14:30:02   75 install base-files           4.3-3                
2026/02/15 14:30:02   76 install libssl3              3.0.19-1             
2026/02/15 14:30:02   77 install libssl1.1            1.1.1w-1             
2026/02/15 14:30:02   78 install openssl              3.0.19-1             
2026/02/15 14:30:06 Downloaded C:\Users\Hita/https%3a%2f%2fmirrors.163.com%2fcygwin%2f/x86_64/release/gettext/gettext-locale-alias/gettext-locale-alias-0.26-1-x86_64.tar.xz
2026/02/15 14:30:06 Downloaded C:\Users\Hita/https%3a%2f%2fmirrors.163.com%2fcygwin%2f/x86_64/release/popt/libpopt-common/libpopt-common-1.19-1.tar.xz
2026/02/15 14:30:09 Downloaded C:\Users\Hita/https%3a%2f%2fmirrors.163.com%2fcygwin%2f/x86_64/release/sqlite3/libsqlite3_0/libsqlite3_0-3.49.1-1.tar.xz
2026/02/15 14:30:10 Downloaded C:\Users\Hita/https%3a%2f%2fmirrors.163.com%2fcygwin%2f/x86_64/release/ncurses/terminfo/terminfo-6.5+20240427-1.tar.xz
2026/02/15 14:30:11 Downloaded C:\Users\Hita/https%3a%2f%2fmirrors.163.com%2fcygwin%2f/noarch/release/tzdata/tzdata-2025c-1-noarch.tar.xz
2026/02/15 14:30:16 Downloaded C:\Users\Hita/https%3a%2f%2fmirrors.163.com%2fcygwin%2f/x86_64/release/cygwin/cygwin-3.6.6-1-x86_64.tar.xz
2026/02/15 14:30:18 Downloaded C:\Users\Hita/https%3a%2f%2fmirrors.163.com%2fcygwin%2f/x86_64/release/libiconv/libiconv2/libiconv2-1.17-1.tar.xz
2026/02/15 14:30:18 Downloaded C:\Users\Hita/https%3a%2f%2fmirrors.163.com%2fcygwin%2f/x86_64/release/gettext/libintl8/libintl8-0.22.5-1.tar.xz
2026/02/15 14:30:19 Downloaded C:\Users\Hita/https%3a%2f%2fmirrors.163.com%2fcygwin%2f/x86_64/release/ncurses/libncursesw10/libncursesw10-6.5+20240427-1.tar.xz
2026/02/15 14:30:19 Downloaded C:\Users\Hita/https%3a%2f%2fmirrors.163.com%2fcygwin%2f/x86_64/release/readline/libreadline7/libreadline7-8.2-2.tar.xz
2026/02/15 14:30:24 Downloaded C:\Users\Hita/https%3a%2f%2fmirrors.163.com%2fcygwin%2f/x86_64/release/bash/bash-5.2.21-1.tar.xz
2026/02/15 14:30:24 Downloaded C:\Users\Hita/https%3a%2f%2fmirrors.163.com%2fcygwin%2f/x86_64/release/gcc/libgcc1/libgcc1-13.4.0-1-x86_64.tar.zst
2026/02/15 14:30:24 Downloaded C:\Users\Hita/https%3a%2f%2fmirrors.163.com%2fcygwin%2f/noarch/release/crypto-policies/crypto-policies-20190218-1.tar.xz
2026/02/15 14:30:25 Downloaded C:\Users\Hita/https%3a%2f%2fmirrors.163.com%2fcygwin%2f/noarch/release/base-cygwin/base-cygwin-3.8-2.tar.xz
2026/02/15 14:30:25 Downloaded C:\Users\Hita/https%3a%2f%2fmirrors.163.com%2fcygwin%2f/x86_64/release/zstd/libzstd1/libzstd1-1.5.7-1.tar.zst
2026/02/15 14:30:26 Downloaded C:\Users\Hita/https%3a%2f%2fmirrors.163.com%2fcygwin%2f/x86_64/release/zlib/zlib0/zlib0-1.3.1-1.tar.zst
2026/02/15 14:30:26 Downloaded C:\Users\Hita/https%3a%2f%2fmirrors.163.com%2fcygwin%2f/x86_64/release/which/which-2.23-1-x86_64.tar.xz
2026/02/15 14:30:29 Downloaded C:\Users\Hita/https%3a%2f%2fmirrors.163.com%2fcygwin%2f/x86_64/release/vim/vim-minimal/vim-minimal-9.1.1825-1-x86_64.tar.xz
2026/02/15 14:30:30 Downloaded C:\Users\Hita/https%3a%2f%2fmirrors.163.com%2fcygwin%2f/x86_64/release/tzcode/tzcode-2025c-1-x86_64.tar.xz
2026/02/15 14:30:31 Downloaded C:\Users\Hita/https%3a%2f%2fmirrors.163.com%2fcygwin%2f/x86_64/release/sed/sed-4.9-1.tar.xz
2026/02/15 14:30:31 Downloaded C:\Users\Hita/https%3a%2f%2fmirrors.163.com%2fcygwin%2f/x86_64/release/run/run-1.3.4-2.tar.xz
2026/02/15 14:30:32 Downloaded C:\Users\Hita/https%3a%2f%2fmirrors.163.com%2fcygwin%2f/x86_64/release/ncurses/ncurses-6.5+20240427-1.tar.xz
2026/02/15 14:30:32 Downloaded C:\Users\Hita/https%3a%2f%2fmirrors.163.com%2fcygwin%2f/x86_64/release/login/login-1.13-1.tar.xz
2026/02/15 14:30:32 Downloaded C:\Users\Hita/https%3a%2f%2fmirrors.163.com%2fcygwin%2f/x86_64/release/util-linux/libuuid1/libuuid1-2.40.2-2.tar.xz
2026/02/15 14:30:33 Downloaded C:\Users\Hita/https%3a%2f%2fmirrors.163.com%2fcygwin%2f/x86_64/release/libtasn1/libtasn1_6/libtasn1_6-4.21.0-1-x86_64.tar.xz
2026/02/15 14:30:35 Downloaded C:\Users\Hita/https%3a%2f%2fmirrors.163.com%2fcygwin%2f/x86_64/release/gcc/libstdc++6/libstdc++6-13.4.0-1-x86_64.tar.zst
2026/02/15 14:30:35 Downloaded C:\Users\Hita/https%3a%2f%2fmirrors.163.com%2fcygwin%2f/x86_64/release/util-linux/libsmartcols1/libsmartcols1-2.40.2-2.tar.xz
2026/02/15 14:30:36 Downloaded C:\Users\Hita/https%3a%2f%2fmirrors.163.com%2fcygwin%2f/x86_64/release/readline/libreadline8/libreadline8-8.3-1-x86_64.tar.xz
2026/02/15 14:30:36 Downloaded C:\Users\Hita/https%3a%2f%2fmirrors.163.com%2fcygwin%2f/x86_64/release/popt/libpopt0/libpopt0-1.19-1.tar.xz
2026/02/15 14:30:37 Downloaded C:\Users\Hita/https%3a%2f%2fmirrors.163.com%2fcygwin%2f/x86_64/release/libpipeline/libpipeline1/libpipeline1-1.5.8-1-x86_64.tar.xz
2026/02/15 14:30:38 Downloaded C:\Users\Hita/https%3a%2f%2fmirrors.163.com%2fcygwin%2f/x86_64/release/pcre2/libpcre2_8_0/libpcre2_8_0-10.47-1-x86_64.tar.zst
2026/02/15 14:30:39 Downloaded C:\Users\Hita/https%3a%2f%2fmirrors.163.com%2fcygwin%2f/x86_64/release/pcre/libpcre1/libpcre1-8.45-1.tar.zst
2026/02/15 14:30:39 Downloaded C:\Users\Hita/https%3a%2f%2fmirrors.163.com%2fcygwin%2f/x86_64/release/xz/liblzma5/liblzma5-5.8.2-1-x86_64.tar.zst
2026/02/15 14:30:40 Downloaded C:\Users\Hita/https%3a%2f%2fmirrors.163.com%2fcygwin%2f/x86_64/release/lz4/liblz4_1/liblz4_1-1.9.4-1.tar.xz
2026/02/15 14:30:40 Downloaded C:\Users\Hita/https%3a%2f%2fmirrors.163.com%2fcygwin%2f/x86_64/release/util-linux/liblastlog2/liblastlog2-2.40.2-2.tar.xz
2026/02/15 14:30:41 Downloaded C:\Users\Hita/https%3a%2f%2fmirrors.163.com%2fcygwin%2f/x86_64/release/gmp/libgmp10/libgmp10-6.3.0-1.tar.zst
2026/02/15 14:30:41 Downloaded C:\Users\Hita/https%3a%2f%2fmirrors.163.com%2fcygwin%2f/x86_64/release/gdbm/libgdbm6/libgdbm6-1.26-1-x86_64.tar.xz
2026/02/15 14:30:42 Downloaded C:\Users\Hita/https%3a%2f%2fmirrors.163.com%2fcygwin%2f/x86_64/release/libffi/libffi6/libffi6-3.2.1-2.tar.xz
2026/02/15 14:30:42 Downloaded C:\Users\Hita/https%3a%2f%2fmirrors.163.com%2fcygwin%2f/x86_64/release/bzip2/libbz2_1/libbz2_1-1.0.8-2-x86_64.tar.xz
2026/02/15 14:30:43 Downloaded C:\Users\Hita/https%3a%2f%2fmirrors.163.com%2fcygwin%2f/x86_64/release/util-linux/libblkid1/libblkid1-2.40.2-2.tar.xz
2026/02/15 14:30:43 Downloaded C:\Users\Hita/https%3a%2f%2fmirrors.163.com%2fcygwin%2f/x86_64/release/attr/libattr1/libattr1-2.5.2-2-x86_64.tar.xz
2026/02/15 14:30:43 Downloaded C:\Users\Hita/https%3a%2f%2fmirrors.163.com%2fcygwin%2f/x86_64/release/libargp/libargp-20250917-2-x86_64.tar.xz
2026/02/15 14:30:44 Downloaded C:\Users\Hita/https%3a%2f%2fmirrors.163.com%2fcygwin%2f/x86_64/release/ipc-utils/ipc-utils-1.1-1.tar.xz
2026/02/15 14:30:44 Downloaded C:\Users\Hita/https%3a%2f%2fmirrors.163.com%2fcygwin%2f/x86_64/release/hostname/hostname-3.13-1.tar.bz2
2026/02/15 14:30:44 Downloaded C:\Users\Hita/https%3a%2f%2fmirrors.163.com%2fcygwin%2f/x86_64/release/gzip/gzip-1.14-1-x86_64.tar.xz
2026/02/15 14:30:45 Downloaded C:\Users\Hita/https%3a%2f%2fmirrors.163.com%2fcygwin%2f/x86_64/release/editrights/editrights-1.04-1.tar.xz
2026/02/15 14:30:46 Downloaded C:\Users\Hita/https%3a%2f%2fmirrors.163.com%2fcygwin%2f/x86_64/release/diffutils/diffutils-3.12-1-x86_64.tar.xz
2026/02/15 14:30:46 Downloaded C:\Users\Hita/https%3a%2f%2fmirrors.163.com%2fcygwin%2f/x86_64/release/dash/dash-0.5.12-5.tar.xz
2026/02/15 14:30:47 Downloaded C:\Users\Hita/https%3a%2f%2fmirrors.163.com%2fcygwin%2f/x86_64/release/alternatives/alternatives-1.31-1.tar.xz
2026/02/15 14:30:48 Downloaded C:\Users\Hita/https%3a%2f%2fmirrors.163.com%2fcygwin%2f/x86_64/release/uchardet/libuchardet0/libuchardet0-0.0.8-1.tar.zst
2026/02/15 14:30:48 Downloaded C:\Users\Hita/https%3a%2f%2fmirrors.163.com%2fcygwin%2f/x86_64/release/cygutils/cygutils-1.4.17-4-x86_64.tar.xz
2026/02/15 14:30:49 Downloaded C:\Users\Hita/https%3a%2f%2fmirrors.163.com%2fcygwin%2f/x86_64/release/grep/grep-3.12-1-x86_64.tar.xz
2026/02/15 14:30:50 Downloaded C:\Users\Hita/https%3a%2f%2fmirrors.163.com%2fcygwin%2f/x86_64/release/less/less-691-1-x86_64.tar.xz
2026/02/15 14:30:52 Downloaded C:\Users\Hita/https%3a%2f%2fmirrors.163.com%2fcygwin%2f/x86_64/release/xz/xz-5.8.2-1-x86_64.tar.zst
2026/02/15 14:30:53 Downloaded C:\Users\Hita/https%3a%2f%2fmirrors.163.com%2fcygwin%2f/x86_64/release/zstd/zstd-1.5.7-1.tar.zst
2026/02/15 14:30:55 Downloaded C:\Users\Hita/https%3a%2f%2fmirrors.163.com%2fcygwin%2f/x86_64/release/mpfr/libmpfr6/libmpfr6-4.2.2-1.tar.zst
2026/02/15 14:30:55 Downloaded C:\Users\Hita/https%3a%2f%2fmirrors.163.com%2fcygwin%2f/x86_64/release/p11-kit/libp11-kit0/libp11-kit0-0.23.20-1.tar.xz
2026/02/15 14:30:57 Downloaded C:\Users\Hita/https%3a%2f%2fmirrors.163.com%2fcygwin%2f/x86_64/release/file/file-5.46-1-x86_64.tar.xz
2026/02/15 14:30:57 Downloaded C:\Users\Hita/https%3a%2f%2fmirrors.163.com%2fcygwin%2f/x86_64/release/bzip2/bzip2-1.0.8-2-x86_64.tar.xz
2026/02/15 14:30:58 Downloaded C:\Users\Hita/https%3a%2f%2fmirrors.163.com%2fcygwin%2f/x86_64/release/util-linux/libfdisk1/libfdisk1-2.40.2-2.tar.xz
2026/02/15 14:31:06 Downloaded C:\Users\Hita/https%3a%2f%2fmirrors.163.com%2fcygwin%2f/x86_64/release/coreutils/coreutils-9.0-1.tar.xz
2026/02/15 14:31:07 Downloaded C:\Users\Hita/https%3a%2f%2fmirrors.163.com%2fcygwin%2f/x86_64/release/getent/getent-2.18.90-5.tar.xz
2026/02/15 14:31:07 Downloaded C:\Users\Hita/https%3a%2f%2fmirrors.163.com%2fcygwin%2f/x86_64/release/rebase/rebase-4.6.6-1.tar.xz
2026/02/15 14:31:10 Downloaded C:\Users\Hita/https%3a%2f%2fmirrors.163.com%2fcygwin%2f/x86_64/release/mintty/mintty-3.8.1-1-x86_64.tar.xz
2026/02/15 14:31:12 Downloaded C:\Users\Hita/https%3a%2f%2fmirrors.163.com%2fcygwin%2f/x86_64/release/texinfo/info/info-7.1-2.tar.zst
2026/02/15 14:31:12 Downloaded C:\Users\Hita/https%3a%2f%2fmirrors.163.com%2fcygwin%2f/noarch/release/_autorebase/_autorebase-001091-1.tar.zst
2026/02/15 14:31:22 Downloaded C:\Users\Hita/https%3a%2f%2fmirrors.163.com%2fcygwin%2f/x86_64/release/groff/groff-1.23.0-1.tar.zst
2026/02/15 14:31:24 Downloaded C:\Users\Hita/https%3a%2f%2fmirrors.163.com%2fcygwin%2f/x86_64/release/gawk/gawk-5.3.2-1-x86_64.tar.xz
2026/02/15 14:31:24 Downloaded C:\Users\Hita/https%3a%2f%2fmirrors.163.com%2fcygwin%2f/x86_64/release/p11-kit/p11-kit-trust/p11-kit-trust-0.23.20-1.tar.xz
2026/02/15 14:31:24 Downloaded C:\Users\Hita/https%3a%2f%2fmirrors.163.com%2fcygwin%2f/x86_64/release/p11-kit/p11-kit-0.23.20-1.tar.xz
2026/02/15 14:31:25 Downloaded C:\Users\Hita/https%3a%2f%2fmirrors.163.com%2fcygwin%2f/x86_64/release/tar/tar-1.35-2.tar.zst
2026/02/15 14:31:27 Downloaded C:\Users\Hita/https%3a%2f%2fmirrors.163.com%2fcygwin%2f/x86_64/release/util-linux/util-linux-2.40.2-2.tar.xz
2026/02/15 14:31:28 Downloaded C:\Users\Hita/https%3a%2f%2fmirrors.163.com%2fcygwin%2f/x86_64/release/findutils/findutils-4.10.0-1.tar.xz
2026/02/15 14:31:29 Downloaded C:\Users\Hita/https%3a%2f%2fmirrors.163.com%2fcygwin%2f/noarch/release/ca-certificates/ca-certificates-2025.2.80_v9.0.304-1-noarch.tar.zst
2026/02/15 14:31:31 Downloaded C:\Users\Hita/https%3a%2f%2fmirrors.163.com%2fcygwin%2f/x86_64/release/man-db/man-db-2.13.1-1-x86_64.tar.zst
2026/02/15 14:31:31 Downloaded C:\Users\Hita/https%3a%2f%2fmirrors.163.com%2fcygwin%2f/noarch/release/base-files/base-files-4.3-3.tar.zst
2026/02/15 14:31:33 Downloaded C:\Users\Hita/https%3a%2f%2fmirrors.163.com%2fcygwin%2f/x86_64/release/openssl/libssl3/libssl3-3.0.19-1-x86_64.tar.zst
2026/02/15 14:31:35 Downloaded C:\Users\Hita/https%3a%2f%2fmirrors.163.com%2fcygwin%2f/x86_64/release/openssl/libssl1.1/libssl1.1-1.1.1w-1.tar.zst
2026/02/15 14:31:36 Downloaded C:\Users\Hita/https%3a%2f%2fmirrors.163.com%2fcygwin%2f/x86_64/release/openssl/openssl-3.0.19-1-x86_64.tar.zst
2026/02/15 14:31:36 Registry value set: HKEY_LOCAL_MACHINE\Software\Cygwin\setup\rootdir = "C:\cygwin64"
2026/02/15 14:31:36 Extracting from file://C:\Users\Hita/https%3a%2f%2fmirrors.163.com%2fcygwin%2f/x86_64/release/gettext/gettext-locale-alias/gettext-locale-alias-0.26-1-x86_64.tar.xz
2026/02/15 14:31:36 Extracting from file://C:\Users\Hita/https%3a%2f%2fmirrors.163.com%2fcygwin%2f/x86_64/release/popt/libpopt-common/libpopt-common-1.19-1.tar.xz
2026/02/15 14:31:37 Extracting from file://C:\Users\Hita/https%3a%2f%2fmirrors.163.com%2fcygwin%2f/x86_64/release/sqlite3/libsqlite3_0/libsqlite3_0-3.49.1-1.tar.xz
2026/02/15 14:31:37 Extracting from file://C:\Users\Hita/https%3a%2f%2fmirrors.163.com%2fcygwin%2f/x86_64/release/ncurses/terminfo/terminfo-6.5+20240427-1.tar.xz
2026/02/15 14:31:37 Extracting from file://C:\Users\Hita/https%3a%2f%2fmirrors.163.com%2fcygwin%2f/noarch/release/tzdata/tzdata-2025c-1-noarch.tar.xz
2026/02/15 14:31:39 Extracting from file://C:\Users\Hita/https%3a%2f%2fmirrors.163.com%2fcygwin%2f/x86_64/release/cygwin/cygwin-3.6.6-1-x86_64.tar.xz
2026/02/15 14:31:39 Extracting from file://C:\Users\Hita/https%3a%2f%2fmirrors.163.com%2fcygwin%2f/x86_64/release/libiconv/libiconv2/libiconv2-1.17-1.tar.xz
2026/02/15 14:31:39 Extracting from file://C:\Users\Hita/https%3a%2f%2fmirrors.163.com%2fcygwin%2f/x86_64/release/gettext/libintl8/libintl8-0.22.5-1.tar.xz
2026/02/15 14:31:39 Extracting from file://C:\Users\Hita/https%3a%2f%2fmirrors.163.com%2fcygwin%2f/x86_64/release/ncurses/libncursesw10/libncursesw10-6.5+20240427-1.tar.xz
2026/02/15 14:31:39 Extracting from file://C:\Users\Hita/https%3a%2f%2fmirrors.163.com%2fcygwin%2f/x86_64/release/readline/libreadline7/libreadline7-8.2-2.tar.xz
2026/02/15 14:31:39 Extracting from file://C:\Users\Hita/https%3a%2f%2fmirrors.163.com%2fcygwin%2f/x86_64/release/bash/bash-5.2.21-1.tar.xz
2026/02/15 14:31:40 Extracting from file://C:\Users\Hita/https%3a%2f%2fmirrors.163.com%2fcygwin%2f/x86_64/release/gcc/libgcc1/libgcc1-13.4.0-1-x86_64.tar.zst
2026/02/15 14:31:40 Extracting from file://C:\Users\Hita/https%3a%2f%2fmirrors.163.com%2fcygwin%2f/noarch/release/crypto-policies/crypto-policies-20190218-1.tar.xz
2026/02/15 14:31:41 Extracting from file://C:\Users\Hita/https%3a%2f%2fmirrors.163.com%2fcygwin%2f/noarch/release/base-cygwin/base-cygwin-3.8-2.tar.xz
2026/02/15 14:31:41 Extracting from file://C:\Users\Hita/https%3a%2f%2fmirrors.163.com%2fcygwin%2f/x86_64/release/zstd/libzstd1/libzstd1-1.5.7-1.tar.zst
2026/02/15 14:31:41 Extracting from file://C:\Users\Hita/https%3a%2f%2fmirrors.163.com%2fcygwin%2f/x86_64/release/zlib/zlib0/zlib0-1.3.1-1.tar.zst
2026/02/15 14:31:41 Extracting from file://C:\Users\Hita/https%3a%2f%2fmirrors.163.com%2fcygwin%2f/x86_64/release/which/which-2.23-1-x86_64.tar.xz
2026/02/15 14:31:41 Extracting from file://C:\Users\Hita/https%3a%2f%2fmirrors.163.com%2fcygwin%2f/x86_64/release/vim/vim-minimal/vim-minimal-9.1.1825-1-x86_64.tar.xz
2026/02/15 14:31:41 Extracting from file://C:\Users\Hita/https%3a%2f%2fmirrors.163.com%2fcygwin%2f/x86_64/release/tzcode/tzcode-2025c-1-x86_64.tar.xz
2026/02/15 14:31:41 Extracting from file://C:\Users\Hita/https%3a%2f%2fmirrors.163.com%2fcygwin%2f/x86_64/release/sed/sed-4.9-1.tar.xz
2026/02/15 14:31:42 Extracting from file://C:\Users\Hita/https%3a%2f%2fmirrors.163.com%2fcygwin%2f/x86_64/release/run/run-1.3.4-2.tar.xz
2026/02/15 14:31:42 Extracting from file://C:\Users\Hita/https%3a%2f%2fmirrors.163.com%2fcygwin%2f/x86_64/release/ncurses/ncurses-6.5+20240427-1.tar.xz
2026/02/15 14:31:42 Extracting from file://C:\Users\Hita/https%3a%2f%2fmirrors.163.com%2fcygwin%2f/x86_64/release/login/login-1.13-1.tar.xz
2026/02/15 14:31:42 Extracting from file://C:\Users\Hita/https%3a%2f%2fmirrors.163.com%2fcygwin%2f/x86_64/release/util-linux/libuuid1/libuuid1-2.40.2-2.tar.xz
2026/02/15 14:31:42 Extracting from file://C:\Users\Hita/https%3a%2f%2fmirrors.163.com%2fcygwin%2f/x86_64/release/libtasn1/libtasn1_6/libtasn1_6-4.21.0-1-x86_64.tar.xz
2026/02/15 14:31:42 Extracting from file://C:\Users\Hita/https%3a%2f%2fmirrors.163.com%2fcygwin%2f/x86_64/release/gcc/libstdc++6/libstdc++6-13.4.0-1-x86_64.tar.zst
2026/02/15 14:31:42 Extracting from file://C:\Users\Hita/https%3a%2f%2fmirrors.163.com%2fcygwin%2f/x86_64/release/util-linux/libsmartcols1/libsmartcols1-2.40.2-2.tar.xz
2026/02/15 14:31:42 Extracting from file://C:\Users\Hita/https%3a%2f%2fmirrors.163.com%2fcygwin%2f/x86_64/release/readline/libreadline8/libreadline8-8.3-1-x86_64.tar.xz
2026/02/15 14:31:42 Extracting from file://C:\Users\Hita/https%3a%2f%2fmirrors.163.com%2fcygwin%2f/x86_64/release/popt/libpopt0/libpopt0-1.19-1.tar.xz
2026/02/15 14:31:42 Extracting from file://C:\Users\Hita/https%3a%2f%2fmirrors.163.com%2fcygwin%2f/x86_64/release/libpipeline/libpipeline1/libpipeline1-1.5.8-1-x86_64.tar.xz
2026/02/15 14:31:42 Extracting from file://C:\Users\Hita/https%3a%2f%2fmirrors.163.com%2fcygwin%2f/x86_64/release/pcre2/libpcre2_8_0/libpcre2_8_0-10.47-1-x86_64.tar.zst
2026/02/15 14:31:42 Extracting from file://C:\Users\Hita/https%3a%2f%2fmirrors.163.com%2fcygwin%2f/x86_64/release/pcre/libpcre1/libpcre1-8.45-1.tar.zst
2026/02/15 14:31:42 Extracting from file://C:\Users\Hita/https%3a%2f%2fmirrors.163.com%2fcygwin%2f/x86_64/release/xz/liblzma5/liblzma5-5.8.2-1-x86_64.tar.zst
2026/02/15 14:31:42 Extracting from file://C:\Users\Hita/https%3a%2f%2fmirrors.163.com%2fcygwin%2f/x86_64/release/lz4/liblz4_1/liblz4_1-1.9.4-1.tar.xz
2026/02/15 14:31:42 Extracting from file://C:\Users\Hita/https%3a%2f%2fmirrors.163.com%2fcygwin%2f/x86_64/release/util-linux/liblastlog2/liblastlog2-2.40.2-2.tar.xz
2026/02/15 14:31:42 Extracting from file://C:\Users\Hita/https%3a%2f%2fmirrors.163.com%2fcygwin%2f/x86_64/release/gmp/libgmp10/libgmp10-6.3.0-1.tar.zst
2026/02/15 14:31:42 Extracting from file://C:\Users\Hita/https%3a%2f%2fmirrors.163.com%2fcygwin%2f/x86_64/release/gdbm/libgdbm6/libgdbm6-1.26-1-x86_64.tar.xz
2026/02/15 14:31:42 Extracting from file://C:\Users\Hita/https%3a%2f%2fmirrors.163.com%2fcygwin%2f/x86_64/release/libffi/libffi6/libffi6-3.2.1-2.tar.xz
2026/02/15 14:31:42 Extracting from file://C:\Users\Hita/https%3a%2f%2fmirrors.163.com%2fcygwin%2f/x86_64/release/bzip2/libbz2_1/libbz2_1-1.0.8-2-x86_64.tar.xz
2026/02/15 14:31:42 Extracting from file://C:\Users\Hita/https%3a%2f%2fmirrors.163.com%2fcygwin%2f/x86_64/release/util-linux/libblkid1/libblkid1-2.40.2-2.tar.xz
2026/02/15 14:31:42 Extracting from file://C:\Users\Hita/https%3a%2f%2fmirrors.163.com%2fcygwin%2f/x86_64/release/attr/libattr1/libattr1-2.5.2-2-x86_64.tar.xz
2026/02/15 14:31:42 Extracting from file://C:\Users\Hita/https%3a%2f%2fmirrors.163.com%2fcygwin%2f/x86_64/release/libargp/libargp-20250917-2-x86_64.tar.xz
2026/02/15 14:31:42 Extracting from file://C:\Users\Hita/https%3a%2f%2fmirrors.163.com%2fcygwin%2f/x86_64/release/ipc-utils/ipc-utils-1.1-1.tar.xz
2026/02/15 14:31:43 Extracting from file://C:\Users\Hita/https%3a%2f%2fmirrors.163.com%2fcygwin%2f/x86_64/release/hostname/hostname-3.13-1.tar.bz2
2026/02/15 14:31:43 Extracting from file://C:\Users\Hita/https%3a%2f%2fmirrors.163.com%2fcygwin%2f/x86_64/release/gzip/gzip-1.14-1-x86_64.tar.xz
2026/02/15 14:31:43 Extracting from file://C:\Users\Hita/https%3a%2f%2fmirrors.163.com%2fcygwin%2f/x86_64/release/editrights/editrights-1.04-1.tar.xz
2026/02/15 14:31:43 Extracting from file://C:\Users\Hita/https%3a%2f%2fmirrors.163.com%2fcygwin%2f/x86_64/release/diffutils/diffutils-3.12-1-x86_64.tar.xz
2026/02/15 14:31:43 Extracting from file://C:\Users\Hita/https%3a%2f%2fmirrors.163.com%2fcygwin%2f/x86_64/release/dash/dash-0.5.12-5.tar.xz
2026/02/15 14:31:43 Extracting from file://C:\Users\Hita/https%3a%2f%2fmirrors.163.com%2fcygwin%2f/x86_64/release/alternatives/alternatives-1.31-1.tar.xz
2026/02/15 14:31:44 Extracting from file://C:\Users\Hita/https%3a%2f%2fmirrors.163.com%2fcygwin%2f/x86_64/release/uchardet/libuchardet0/libuchardet0-0.0.8-1.tar.zst
2026/02/15 14:31:44 Extracting from file://C:\Users\Hita/https%3a%2f%2fmirrors.163.com%2fcygwin%2f/x86_64/release/cygutils/cygutils-1.4.17-4-x86_64.tar.xz
2026/02/15 14:31:44 Extracting from file://C:\Users\Hita/https%3a%2f%2fmirrors.163.com%2fcygwin%2f/x86_64/release/grep/grep-3.12-1-x86_64.tar.xz
2026/02/15 14:31:44 Extracting from file://C:\Users\Hita/https%3a%2f%2fmirrors.163.com%2fcygwin%2f/x86_64/release/less/less-691-1-x86_64.tar.xz
2026/02/15 14:31:44 Extracting from file://C:\Users\Hita/https%3a%2f%2fmirrors.163.com%2fcygwin%2f/x86_64/release/xz/xz-5.8.2-1-x86_64.tar.zst
2026/02/15 14:31:45 Extracting from file://C:\Users\Hita/https%3a%2f%2fmirrors.163.com%2fcygwin%2f/x86_64/release/zstd/zstd-1.5.7-1.tar.zst
2026/02/15 14:31:45 Extracting from file://C:\Users\Hita/https%3a%2f%2fmirrors.163.com%2fcygwin%2f/x86_64/release/mpfr/libmpfr6/libmpfr6-4.2.2-1.tar.zst
2026/02/15 14:31:45 Extracting from file://C:\Users\Hita/https%3a%2f%2fmirrors.163.com%2fcygwin%2f/x86_64/release/p11-kit/libp11-kit0/libp11-kit0-0.23.20-1.tar.xz
2026/02/15 14:31:46 Extracting from file://C:\Users\Hita/https%3a%2f%2fmirrors.163.com%2fcygwin%2f/x86_64/release/file/file-5.46-1-x86_64.tar.xz
2026/02/15 14:31:46 Extracting from file://C:\Users\Hita/https%3a%2f%2fmirrors.163.com%2fcygwin%2f/x86_64/release/bzip2/bzip2-1.0.8-2-x86_64.tar.xz
2026/02/15 14:31:46 Extracting from file://C:\Users\Hita/https%3a%2f%2fmirrors.163.com%2fcygwin%2f/x86_64/release/util-linux/libfdisk1/libfdisk1-2.40.2-2.tar.xz
2026/02/15 14:31:46 Extracting from file://C:\Users\Hita/https%3a%2f%2fmirrors.163.com%2fcygwin%2f/x86_64/release/coreutils/coreutils-9.0-1.tar.xz
2026/02/15 14:31:48 Extracting from file://C:\Users\Hita/https%3a%2f%2fmirrors.163.com%2fcygwin%2f/x86_64/release/getent/getent-2.18.90-5.tar.xz
2026/02/15 14:31:48 Extracting from file://C:\Users\Hita/https%3a%2f%2fmirrors.163.com%2fcygwin%2f/x86_64/release/rebase/rebase-4.6.6-1.tar.xz
2026/02/15 14:31:48 Extracting from file://C:\Users\Hita/https%3a%2f%2fmirrors.163.com%2fcygwin%2f/x86_64/release/mintty/mintty-3.8.1-1-x86_64.tar.xz
2026/02/15 14:31:49 Extracting from file://C:\Users\Hita/https%3a%2f%2fmirrors.163.com%2fcygwin%2f/x86_64/release/texinfo/info/info-7.1-2.tar.zst
2026/02/15 14:31:49 Extracting from file://C:\Users\Hita/https%3a%2f%2fmirrors.163.com%2fcygwin%2f/noarch/release/_autorebase/_autorebase-001091-1.tar.zst
2026/02/15 14:31:49 Extracting from file://C:\Users\Hita/https%3a%2f%2fmirrors.163.com%2fcygwin%2f/x86_64/release/groff/groff-1.23.0-1.tar.zst
2026/02/15 14:31:52 Extracting from file://C:\Users\Hita/https%3a%2f%2fmirrors.163.com%2fcygwin%2f/x86_64/release/gawk/gawk-5.3.2-1-x86_64.tar.xz
2026/02/15 14:31:52 Extracting from file://C:\Users\Hita/https%3a%2f%2fmirrors.163.com%2fcygwin%2f/x86_64/release/p11-kit/p11-kit-trust/p11-kit-trust-0.23.20-1.tar.xz
2026/02/15 14:31:52 Extracting from file://C:\Users\Hita/https%3a%2f%2fmirrors.163.com%2fcygwin%2f/x86_64/release/p11-kit/p11-kit-0.23.20-1.tar.xz
2026/02/15 14:31:52 Extracting from file://C:\Users\Hita/https%3a%2f%2fmirrors.163.com%2fcygwin%2f/x86_64/release/tar/tar-1.35-2.tar.zst
2026/02/15 14:31:53 Extracting from file://C:\Users\Hita/https%3a%2f%2fmirrors.163.com%2fcygwin%2f/x86_64/release/util-linux/util-linux-2.40.2-2.tar.xz
2026/02/15 14:31:54 Extracting from file://C:\Users\Hita/https%3a%2f%2fmirrors.163.com%2fcygwin%2f/x86_64/release/findutils/findutils-4.10.0-1.tar.xz
2026/02/15 14:31:55 Extracting from file://C:\Users\Hita/https%3a%2f%2fmirrors.163.com%2fcygwin%2f/noarch/release/ca-certificates/ca-certificates-2025.2.80_v9.0.304-1-noarch.tar.zst
2026/02/15 14:31:55 Extracting from file://C:\Users\Hita/https%3a%2f%2fmirrors.163.com%2fcygwin%2f/x86_64/release/man-db/man-db-2.13.1-1-x86_64.tar.zst
2026/02/15 14:31:56 Extracting from file://C:\Users\Hita/https%3a%2f%2fmirrors.163.com%2fcygwin%2f/noarch/release/base-files/base-files-4.3-3.tar.zst
2026/02/15 14:31:56 Extracting from file://C:\Users\Hita/https%3a%2f%2fmirrors.163.com%2fcygwin%2f/x86_64/release/openssl/libssl3/libssl3-3.0.19-1-x86_64.tar.zst
2026/02/15 14:31:56 Extracting from file://C:\Users\Hita/https%3a%2f%2fmirrors.163.com%2fcygwin%2f/x86_64/release/openssl/libssl1.1/libssl1.1-1.1.1w-1.tar.zst
2026/02/15 14:31:57 Extracting from file://C:\Users\Hita/https%3a%2f%2fmirrors.163.com%2fcygwin%2f/x86_64/release/openssl/openssl-3.0.19-1-x86_64.tar.zst
2026/02/15 14:31:57 running: C:\cygwin64\bin\dash.exe "/etc/postinstall/0p_000_autorebase.dash"
2026/02/15 14:32:00 running: C:\cygwin64\bin\dash.exe "/etc/postinstall/0p_update-info-dir.dash"
2026/02/15 14:32:03 running: C:\cygwin64\bin\bash.exe --norc --noprofile "/etc/postinstall/000-cygwin-post-install.sh"
2026/02/15 14:32:04 running: C:\cygwin64\bin\bash.exe --norc --noprofile "/etc/postinstall/coreutils.sh"
2026/02/15 14:32:04 running: C:\cygwin64\bin\bash.exe --norc --noprofile "/etc/postinstall/base-files-mketc.sh"
2026/02/15 14:32:04 running: C:\cygwin64\bin\bash.exe --norc --noprofile "/etc/postinstall/base-files-profile.sh"
2026/02/15 14:32:06 running: C:\cygwin64\bin\bash.exe --norc --noprofile "/etc/postinstall/p11-kit.sh"
2026/02/15 14:32:06 running: C:\cygwin64\bin\bash.exe --norc --noprofile "/etc/postinstall/ca-certificates.sh"
2026/02/15 14:32:50 running: C:\cygwin64\bin\bash.exe --norc --noprofile "/etc/postinstall/crypto-policies.sh"
2026/02/15 14:32:55 running: C:\cygwin64\bin\bash.exe --norc --noprofile "/etc/postinstall/openssl.sh"
2026/02/15 14:32:56 can't run /etc/postinstall/openssl.sh: No such file
2026/02/15 14:32:56 running: C:\cygwin64\bin\bash.exe --norc --noprofile "/etc/postinstall/man-db.sh"
2026/02/15 14:32:56 running: C:\cygwin64\bin\bash.exe --norc --noprofile "/etc/postinstall/mintty.sh"
2026/02/15 14:32:56 running: C:\cygwin64\bin\dash.exe "/etc/postinstall/zp_man-db-update-index.dash"
2026/02/15 14:38:34 note: Installation Complete
2026/02/15 14:38:34 Ending cygwin install
2026/02/15 14:49:51 Starting cygwin install, version 2.935
2026/02/15 14:49:51 User has backup/restore rights
2026/02/15 14:49:51 User has symlink creation right
2026/02/15 14:49:51 Current Directory: C:\Users\Hita
2026/02/15 14:49:55 source: network install
2026/02/15 14:49:56 root: C:\cygwin64 system
2026/02/15 14:49:56 Changing gid to Administrators
2026/02/15 14:49:58 Selected local directory: C:\Users\Hita
2026/02/15 14:49:59 net: Preconfig
2026/02/15 14:50:02 site: https://mirrors.163.com/cygwin/
2026/02/15 14:50:08 solving: 0 tasks, update: yes, use test packages: no
2026/02/15 14:50:21 solving: 0 tasks, update: yes, use test packages: no
2026/02/15 14:50:22 solving: 0 tasks, update: yes, use test packages: yes
2026/02/15 14:50:29 solving: 0 tasks, update: yes, use test packages: no
2026/02/15 14:52:03 solving: 3 tasks, update: no, use test packages: no
2026/02/15 14:52:03 Augmented Transaction List:
2026/02/15 14:52:03    0 install cygrunsrv        1.64-1     
2026/02/15 14:52:03    1 install libxxhash0       0.8.3-1    
2026/02/15 14:52:03    2 install csih             0.9.14-1   
2026/02/15 14:52:03    3 install libcrypt2        4.5.2-1    
2026/02/15 14:52:03    4 install libedit0         20251016-1 
2026/02/15 14:52:03    5 install libfido2         1.16.0-1   
2026/02/15 14:52:03    6 install libcom_err2      1.44.5-1   
2026/02/15 14:52:03    7 install libkrb5support0  1.15.2-2   
2026/02/15 14:52:03    8 install rsync            3.3.0-1    
2026/02/15 14:52:03    9 install libk5crypto3     1.15.2-2   
2026/02/15 14:52:03   10 install libkrb5_3        1.15.2-2   
2026/02/15 14:52:03   11 install libgssapi_krb5_2 1.15.2-2   
2026/02/15 14:52:03   12 install openssh          10.2p1-3   
2026/02/15 14:52:08 Downloaded C:\Users\Hita/https%3a%2f%2fmirrors.163.com%2fcygwin%2f/x86_64/release/cygrunsrv/cygrunsrv-1.64-1.tar.xz
2026/02/15 14:52:09 Downloaded C:\Users\Hita/https%3a%2f%2fmirrors.163.com%2fcygwin%2f/x86_64/release/xxhash/libxxhash0/libxxhash0-0.8.3-1.tar.xz
2026/02/15 14:52:09 Downloaded C:\Users\Hita/https%3a%2f%2fmirrors.163.com%2fcygwin%2f/x86_64/release/csih/csih-0.9.14-1.tar.xz
2026/02/15 14:52:10 Downloaded C:\Users\Hita/https%3a%2f%2fmirrors.163.com%2fcygwin%2f/x86_64/release/libxcrypt/libcrypt2/libcrypt2-4.5.2-1-x86_64.tar.xz
2026/02/15 14:52:10 Downloaded C:\Users\Hita/https%3a%2f%2fmirrors.163.com%2fcygwin%2f/x86_64/release/libedit/libedit0/libedit0-20251016-1-x86_64.tar.xz
2026/02/15 14:52:12 Downloaded C:\Users\Hita/https%3a%2f%2fmirrors.163.com%2fcygwin%2f/x86_64/release/libfido2/libfido2-1.16.0-1-x86_64.tar.xz
2026/02/15 14:52:12 Downloaded C:\Users\Hita/https%3a%2f%2fmirrors.163.com%2fcygwin%2f/x86_64/release/e2fsprogs/libcom_err2/libcom_err2-1.44.5-1.tar.xz
2026/02/15 14:52:12 Downloaded C:\Users\Hita/https%3a%2f%2fmirrors.163.com%2fcygwin%2f/x86_64/release/krb5/libkrb5support0/libkrb5support0-1.15.2-2.tar.xz
2026/02/15 14:52:13 Downloaded C:\Users\Hita/https%3a%2f%2fmirrors.163.com%2fcygwin%2f/x86_64/release/rsync/rsync-3.3.0-1.tar.xz
2026/02/15 14:52:13 Downloaded C:\Users\Hita/https%3a%2f%2fmirrors.163.com%2fcygwin%2f/x86_64/release/krb5/libk5crypto3/libk5crypto3-1.15.2-2.tar.xz
2026/02/15 14:52:14 Downloaded C:\Users\Hita/https%3a%2f%2fmirrors.163.com%2fcygwin%2f/x86_64/release/krb5/libkrb5_3/libkrb5_3-1.15.2-2.tar.xz
2026/02/15 14:52:14 Downloaded C:\Users\Hita/https%3a%2f%2fmirrors.163.com%2fcygwin%2f/x86_64/release/krb5/libgssapi_krb5_2/libgssapi_krb5_2-1.15.2-2.tar.xz
2026/02/15 14:52:15 Downloaded C:\Users\Hita/https%3a%2f%2fmirrors.163.com%2fcygwin%2f/x86_64/release/openssh/openssh-10.2p1-3-x86_64.tar.xz
2026/02/15 14:52:15 Registry value set: HKEY_LOCAL_MACHINE\Software\Cygwin\setup\rootdir = "C:\cygwin64"
2026/02/15 14:52:15 Extracting from file://C:\Users\Hita/https%3a%2f%2fmirrors.163.com%2fcygwin%2f/x86_64/release/cygrunsrv/cygrunsrv-1.64-1.tar.xz
2026/02/15 14:52:15 Extracting from file://C:\Users\Hita/https%3a%2f%2fmirrors.163.com%2fcygwin%2f/x86_64/release/xxhash/libxxhash0/libxxhash0-0.8.3-1.tar.xz
2026/02/15 14:52:16 Extracting from file://C:\Users\Hita/https%3a%2f%2fmirrors.163.com%2fcygwin%2f/x86_64/release/csih/csih-0.9.14-1.tar.xz
2026/02/15 14:52:16 Extracting from file://C:\Users\Hita/https%3a%2f%2fmirrors.163.com%2fcygwin%2f/x86_64/release/libxcrypt/libcrypt2/libcrypt2-4.5.2-1-x86_64.tar.xz
2026/02/15 14:52:16 Extracting from file://C:\Users\Hita/https%3a%2f%2fmirrors.163.com%2fcygwin%2f/x86_64/release/libedit/libedit0/libedit0-20251016-1-x86_64.tar.xz
2026/02/15 14:52:16 Extracting from file://C:\Users\Hita/https%3a%2f%2fmirrors.163.com%2fcygwin%2f/x86_64/release/libfido2/libfido2-1.16.0-1-x86_64.tar.xz
2026/02/15 14:52:16 Extracting from file://C:\Users\Hita/https%3a%2f%2fmirrors.163.com%2fcygwin%2f/x86_64/release/e2fsprogs/libcom_err2/libcom_err2-1.44.5-1.tar.xz
2026/02/15 14:52:16 Extracting from file://C:\Users\Hita/https%3a%2f%2fmirrors.163.com%2fcygwin%2f/x86_64/release/krb5/libkrb5support0/libkrb5support0-1.15.2-2.tar.xz
2026/02/15 14:52:16 Extracting from file://C:\Users\Hita/https%3a%2f%2fmirrors.163.com%2fcygwin%2f/x86_64/release/rsync/rsync-3.3.0-1.tar.xz
2026/02/15 14:52:16 Extracting from file://C:\Users\Hita/https%3a%2f%2fmirrors.163.com%2fcygwin%2f/x86_64/release/krb5/libk5crypto3/libk5crypto3-1.15.2-2.tar.xz
2026/02/15 14:52:16 Extracting from file://C:\Users\Hita/https%3a%2f%2fmirrors.163.com%2fcygwin%2f/x86_64/release/krb5/libkrb5_3/libkrb5_3-1.15.2-2.tar.xz
2026/02/15 14:52:16 Extracting from file://C:\Users\Hita/https%3a%2f%2fmirrors.163.com%2fcygwin%2f/x86_64/release/krb5/libgssapi_krb5_2/libgssapi_krb5_2-1.15.2-2.tar.xz
2026/02/15 14:52:16 Extracting from file://C:\Users\Hita/https%3a%2f%2fmirrors.163.com%2fcygwin%2f/x86_64/release/openssh/openssh-10.2p1-3-x86_64.tar.xz
2026/02/15 14:52:17 running: C:\cygwin64\bin\dash.exe "/etc/postinstall/0p_000_autorebase.dash"
2026/02/15 14:52:19 running: C:\cygwin64\bin\dash.exe "/etc/postinstall/0p_update-info-dir.dash"
2026/02/15 14:52:20 running: C:\cygwin64\bin\bash.exe --norc --noprofile "/etc/postinstall/openssh.sh"
2026/02/15 14:52:20 running: C:\cygwin64\bin\dash.exe "/etc/postinstall/zp_man-db-update-index.dash"
2026/02/15 14:52:26 note: Installation Complete
2026/02/15 14:52:26 Ending cygwin install
